main.cpp: In member function ‘void HelloTriangleApplication::loadModel()’:
main.cpp:1956:69: error: use of deleted function ‘std::unordered_map<_Key, _Tp, _Hash, _Pred, _Alloc>::unordered_map() [with _Key = Vertex; _Tp = unsigned int; _Hash = std::hash<Vertex>; _Pred = std::equal_to<Vertex>; _Alloc = std::allocator<std::pair<const Vertex, unsigned int> >]’
 1956 |                 std::unordered_map<Vertex, uint32_t> uniqueVertices{};
      |                                                                     ^
In file included from /usr/include/c++/11/unordered_map:47,
                 from /usr/include/c++/11/functional:61,
                 from /usr/include/c++/11/pstl/glue_algorithm_defs.h:13,
                 from /usr/include/c++/11/algorithm:74,
                 from main.cpp:16:
/usr/include/c++/11/bits/unordered_map.h:141:7: note: ‘std::unordered_map<_Key, _Tp, _Hash, _Pred, _Alloc>::unordered_map() [with _Key = Vertex; _Tp = unsigned int; _Hash = std::hash<Vertex>; _Pred = std::equal_to<Vertex>; _Alloc = std::allocator<std::pair<const Vertex, unsigned int> >]’ is implicitly deleted because the default definition would be ill-formed:
  141 |       unordered_map() = default;
      |       ^~~~~~~~~~~~~
/usr/include/c++/11/bits/unordered_map.h:141:7: error: use of deleted function ‘std::_Hashtable<_Key, _Value, _Alloc, _ExtractKey, _Equal, _Hash, _RangeHash, _Unused, _RehashPolicy, _Traits>::_Hashtable() [with _Key = Vertex; _Value = std::pair<const Vertex, unsigned int>; _Alloc = std::allocator<std::pair<const Vertex, unsigned int> >; _ExtractKey = std::__detail::_Select1st; _Equal = std::equal_to<Vertex>; _Hash = std::hash<Vertex>; _RangeHash = std::__detail::_Mod_range_hashing; _Unused = std::__detail::_Default_ranged_hash; _RehashPolicy = std::__detail::_Prime_rehash_policy; _Traits = std::__detail::_Hashtable_traits<true, false, true>]’
In file included from /usr/include/c++/11/unordered_map:46,
                 from /usr/include/c++/11/functional:61,
                 from /usr/include/c++/11/pstl/glue_algorithm_defs.h:13,
                 from /usr/include/c++/11/algorithm:74,
                 from main.cpp:16:
/usr/include/c++/11/bits/hashtable.h:528:7: note: ‘std::_Hashtable<_Key, _Value, _Alloc, _ExtractKey, _Equal, _Hash, _RangeHash, _Unused, _RehashPolicy, _Traits>::_Hashtable() [with _Key = Vertex; _Value = std::pair<const Vertex, unsigned int>; _Alloc = std::allocator<std::pair<const Vertex, unsigned int> >; _ExtractKey = std::__detail::_Select1st; _Equal = std::equal_to<Vertex>; _Hash = std::hash<Vertex>; _RangeHash = std::__detail::_Mod_range_hashing; _Unused = std::__detail::_Default_ranged_hash; _RehashPolicy = std::__detail::_Prime_rehash_policy; _Traits = std::__detail::_Hashtable_traits<true, false, true>]’ is implicitly deleted because the default definition would be ill-formed:
  528 |       _Hashtable() = default;
      |       ^~~~~~~~~~
/usr/include/c++/11/bits/hashtable.h:528:7: error: use of deleted function ‘std::__detail::_Hashtable_base<_Key, _Value, _ExtractKey, _Equal, _Hash, _RangeHash, _Unused, _Traits>::_Hashtable_base() [with _Key = Vertex; _Value = std::pair<const Vertex, unsigned int>; _ExtractKey = std::__detail::_Select1st; _Equal = std::equal_to<Vertex>; _Hash = std::hash<Vertex>; _RangeHash = std::__detail::_Mod_range_hashing; _Unused = std::__detail::_Default_ranged_hash; _Traits = std::__detail::_Hashtable_traits<true, false, true>]’
In file included from /usr/include/c++/11/bits/hashtable.h:35,
                 from /usr/include/c++/11/unordered_map:46,
                 from /usr/include/c++/11/functional:61,
                 from /usr/include/c++/11/pstl/glue_algorithm_defs.h:13,
                 from /usr/include/c++/11/algorithm:74,
                 from main.cpp:16:
/usr/include/c++/11/bits/hashtable_policy.h:1604:7: note: ‘std::__detail::_Hashtable_base<_Key, _Value, _ExtractKey, _Equal, _Hash, _RangeHash, _Unused, _Traits>::_Hashtable_base() [with _Key = Vertex; _Value = std::pair<const Vertex, unsigned int>; _ExtractKey = std::__detail::_Select1st; _Equal = std::equal_to<Vertex>; _Hash = std::hash<Vertex>; _RangeHash = std::__detail::_Mod_range_hashing; _Unused = std::__detail::_Default_ranged_hash; _Traits = std::__detail::_Hashtable_traits<true, false, true>]’ is implicitly deleted because the default definition would be ill-formed:
 1604 |       _Hashtable_base() = default;
      |       ^~~~~~~~~~~~~~~
/usr/include/c++/11/bits/hashtable_policy.h:1604:7: error: use of deleted function ‘std::__detail::_Hash_code_base<_Key, _Value, _ExtractKey, _Hash, _RangeHash, _Unused, __cache_hash_code>::_Hash_code_base() [with _Key = Vertex; _Value = std::pair<const Vertex, unsigned int>; _ExtractKey = std::__detail::_Select1st; _Hash = std::hash<Vertex>; _RangeHash = std::__detail::_Mod_range_hashing; _Unused = std::__detail::_Default_ranged_hash; bool __cache_hash_code = true]’
/usr/include/c++/11/bits/hashtable_policy.h: In instantiation of ‘std::__detail::_Hashtable_ebo_helper<_Nm, _Tp, true>::_Hashtable_ebo_helper() [with int _Nm = 1; _Tp = std::hash<Vertex>]’:
/usr/include/c++/11/bits/hashtable_policy.h:1210:7:   required from here
/usr/include/c++/11/bits/hashtable_policy.h:1127:49: error: use of deleted function ‘std::hash<Vertex>::hash()’
 1127 |       _Hashtable_ebo_helper() noexcept(noexcept(_Tp())) : _Tp() { }
      |                                                 ^~~~~
In file included from /usr/include/c++/11/string_view:42,
                 from /usr/include/c++/11/bits/basic_string.h:48,
                 from /usr/include/c++/11/string:55,
                 from /usr/include/c++/11/bits/locale_classes.h:40,
                 from /usr/include/c++/11/bits/ios_base.h:41,
                 from /usr/include/c++/11/ios:42,
                 from /usr/include/c++/11/ostream:38,
                 from /usr/include/c++/11/iostream:39,
                 from main.cpp:12:
/usr/include/c++/11/bits/functional_hash.h:102:12: note: ‘std::hash<Vertex>::hash()’ is implicitly deleted because the default definition would be ill-formed:
  102 |     struct hash : __hash_enum<_Tp>
      |            ^~~~
/usr/include/c++/11/bits/functional_hash.h:102:12: error: no matching function for call to ‘std::__hash_enum<Vertex, false>::__hash_enum()’
/usr/include/c++/11/bits/functional_hash.h:83:7: note: candidate: ‘std::__hash_enum<_Tp, <anonymous> >::__hash_enum(std::__hash_enum<_Tp, <anonymous> >&&) [with _Tp = Vertex; bool <anonymous> = false]’
   83 |       __hash_enum(__hash_enum&&);
      |       ^~~~~~~~~~~
/usr/include/c++/11/bits/functional_hash.h:83:7: note:   candidate expects 1 argument, 0 provided
/usr/include/c++/11/bits/functional_hash.h:102:12: error: ‘std::__hash_enum<_Tp, <anonymous> >::~__hash_enum() [with _Tp = Vertex; bool <anonymous> = false]’ is private within this context
  102 |     struct hash : __hash_enum<_Tp>
      |            ^~~~
/usr/include/c++/11/bits/functional_hash.h:84:7: note: declared private here
   84 |       ~__hash_enum();
      |       ^
In file included from /usr/include/c++/11/bits/hashtable.h:35,
                 from /usr/include/c++/11/unordered_map:46,
                 from /usr/include/c++/11/functional:61,
                 from /usr/include/c++/11/pstl/glue_algorithm_defs.h:13,
                 from /usr/include/c++/11/algorithm:74,
                 from main.cpp:16:
/usr/include/c++/11/bits/hashtable_policy.h:1210:7: note: ‘std::__detail::_Hash_code_base<_Key, _Value, _ExtractKey, _Hash, _RangeHash, _Unused, __cache_hash_code>::_Hash_code_base() [with _Key = Vertex; _Value = std::pair<const Vertex, unsigned int>; _ExtractKey = std::__detail::_Select1st; _Hash = std::hash<Vertex>; _RangeHash = std::__detail::_Mod_range_hashing; _Unused = std::__detail::_Default_ranged_hash; bool __cache_hash_code = true]’ is implicitly deleted because the default definition would be ill-formed:
 1210 |       _Hash_code_base() = default;
      |       ^~~~~~~~~~~~~~~
/usr/include/c++/11/bits/hashtable_policy.h:1210:7: error: use of deleted function ‘std::__detail::_Hashtable_ebo_helper<1, std::hash<Vertex>, true>::~_Hashtable_ebo_helper()’
/usr/include/c++/11/bits/hashtable_policy.h:1124:12: note: ‘std::__detail::_Hashtable_ebo_helper<1, std::hash<Vertex>, true>::~_Hashtable_ebo_helper()’ is implicitly deleted because the default definition would be ill-formed:
 1124 |     struct _Hashtable_ebo_helper<_Nm, _Tp, true>
      |            ^~~~~~~~~~~~~~~~~~~~~~~~~~~~~~~~~~~~~
/usr/include/c++/11/bits/hashtable_policy.h:1124:12: error: use of deleted function ‘std::hash<Vertex>::~hash()’
In file included from /usr/include/c++/11/string_view:42,
                 from /usr/include/c++/11/bits/basic_string.h:48,
                 from /usr/include/c++/11/string:55,
                 from /usr/include/c++/11/bits/locale_classes.h:40,
                 from /usr/include/c++/11/bits/ios_base.h:41,
                 from /usr/include/c++/11/ios:42,
                 from /usr/include/c++/11/ostream:38,
                 from /usr/include/c++/11/iostream:39,
                 from main.cpp:12:
/usr/include/c++/11/bits/functional_hash.h:102:12: note: ‘std::hash<Vertex>::~hash()’ is implicitly deleted because the default definition would be ill-formed:
  102 |     struct hash : __hash_enum<_Tp>
      |            ^~~~
/usr/include/c++/11/bits/functional_hash.h:102:12: error: ‘std::__hash_enum<_Tp, <anonymous> >::~__hash_enum() [with _Tp = Vertex; bool <anonymous> = false]’ is private within this context
/usr/include/c++/11/bits/functional_hash.h:84:7: note: declared private here
   84 |       ~__hash_enum();
      |       ^
In file included from /usr/include/c++/11/bits/hashtable.h:35,
                 from /usr/include/c++/11/unordered_map:46,
                 from /usr/include/c++/11/functional:61,
                 from /usr/include/c++/11/pstl/glue_algorithm_defs.h:13,
                 from /usr/include/c++/11/algorithm:74,
                 from main.cpp:16:
/usr/include/c++/11/bits/hashtable_policy.h:1604:7: error: use of deleted function ‘std::__detail::_Hash_code_base<Vertex, std::pair<const Vertex, unsigned int>, std::__detail::_Select1st, std::hash<Vertex>, std::__detail::_Mod_range_hashing, std::__detail::_Default_ranged_hash, true>::~_Hash_code_base()’
 1604 |       _Hashtable_base() = default;
      |       ^~~~~~~~~~~~~~~
/usr/include/c++/11/bits/hashtable_policy.h:1188:12: note: ‘std::__detail::_Hash_code_base<Vertex, std::pair<const Vertex, unsigned int>, std::__detail::_Select1st, std::hash<Vertex>, std::__detail::_Mod_range_hashing, std::__detail::_Default_ranged_hash, true>::~_Hash_code_base()’ is implicitly deleted because the default definition would be ill-formed:
 1188 |     struct _Hash_code_base
      |            ^~~~~~~~~~~~~~~
/usr/include/c++/11/bits/hashtable_policy.h:1188:12: error: use of deleted function ‘std::__detail::_Hashtable_ebo_helper<1, std::hash<Vertex>, true>::~_Hashtable_ebo_helper()’
In file included from /usr/include/c++/11/unordered_map:46,
                 from /usr/include/c++/11/functional:61,
                 from /usr/include/c++/11/pstl/glue_algorithm_defs.h:13,
                 from /usr/include/c++/11/algorithm:74,
                 from main.cpp:16:
/usr/include/c++/11/bits/hashtable.h:528:7: error: use of deleted function ‘std::__detail::_Hashtable_base<Vertex, std::pair<const Vertex, unsigned int>, std::__detail::_Select1st, std::equal_to<Vertex>, std::hash<Vertex>, std::__detail::_Mod_range_hashing, std::__detail::_Default_ranged_hash, std::__detail::_Hashtable_traits<true, false, true> >::~_Hashtable_base()’
  528 |       _Hashtable() = default;
      |       ^~~~~~~~~~
In file included from /usr/include/c++/11/bits/hashtable.h:35,
                 from /usr/include/c++/11/unordered_map:46,
                 from /usr/include/c++/11/functional:61,
                 from /usr/include/c++/11/pstl/glue_algorithm_defs.h:13,
                 from /usr/include/c++/11/algorithm:74,
                 from main.cpp:16:
/usr/include/c++/11/bits/hashtable_policy.h:1561:12: note: ‘std::__detail::_Hashtable_base<Vertex, std::pair<const Vertex, unsigned int>, std::__detail::_Select1st, std::equal_to<Vertex>, std::hash<Vertex>, std::__detail::_Mod_range_hashing, std::__detail::_Default_ranged_hash, std::__detail::_Hashtable_traits<true, false, true> >::~_Hashtable_base()’ is implicitly deleted because the default definition would be ill-formed:
 1561 |     struct _Hashtable_base
      |            ^~~~~~~~~~~~~~~
/usr/include/c++/11/bits/hashtable_policy.h:1561:12: error: use of deleted function ‘std::__detail::_Hash_code_base<Vertex, std::pair<const Vertex, unsigned int>, std::__detail::_Select1st, std::hash<Vertex>, std::__detail::_Mod_range_hashing, std::__detail::_Default_ranged_hash, true>::~_Hash_code_base()’
In file included from /usr/include/c++/11/unordered_map:46,
                 from /usr/include/c++/11/functional:61,
                 from /usr/include/c++/11/pstl/glue_algorithm_defs.h:13,
                 from /usr/include/c++/11/algorithm:74,
                 from main.cpp:16:
/usr/include/c++/11/bits/hashtable.h:528:7: error: use of deleted function ‘constexpr std::_Enable_default_constructor<false, _Tag>::_Enable_default_constructor() [with _Tag = std::__detail::_Hash_node_base]’
  528 |       _Hashtable() = default;
      |       ^~~~~~~~~~
In file included from /usr/include/c++/11/bits/hashtable.h:36,
                 from /usr/include/c++/11/unordered_map:46,
                 from /usr/include/c++/11/functional:61,
                 from /usr/include/c++/11/pstl/glue_algorithm_defs.h:13,
                 from /usr/include/c++/11/algorithm:74,
                 from main.cpp:16:
/usr/include/c++/11/bits/enable_special_members.h:113:15: note: declared here
  113 |     constexpr _Enable_default_constructor() noexcept = delete;
      |               ^~~~~~~~~~~~~~~~~~~~~~~~~~~
In file included from /usr/include/c++/11/unordered_map:46,
                 from /usr/include/c++/11/functional:61,
                 from /usr/include/c++/11/pstl/glue_algorithm_defs.h:13,
                 from /usr/include/c++/11/algorithm:74,
                 from main.cpp:16:
/usr/include/c++/11/bits/hashtable.h: In instantiation of ‘std::_Hashtable<_Key, _Value, _Alloc, _ExtractKey, _Equal, _Hash, _RangeHash, _Unused, _RehashPolicy, _Traits>::~_Hashtable() [with _Key = Vertex; _Value = std::pair<const Vertex, unsigned int>; _Alloc = std::allocator<std::pair<const Vertex, unsigned int> >; _ExtractKey = std::__detail::_Select1st; _Equal = std::equal_to<Vertex>; _Hash = std::hash<Vertex>; _RangeHash = std::__detail::_Mod_range_hashing; _Unused = std::__detail::_Default_ranged_hash; _RehashPolicy = std::__detail::_Prime_rehash_policy; _Traits = std::__detail::_Hashtable_traits<true, false, true>]’:
/usr/include/c++/11/bits/unordered_map.h:102:11:   required from here
/usr/include/c++/11/bits/hashtable.h:1534:5: error: use of deleted function ‘std::__detail::_Hashtable_base<Vertex, std::pair<const Vertex, unsigned int>, std::__detail::_Select1st, std::equal_to<Vertex>, std::hash<Vertex>, std::__detail::_Mod_range_hashing, std::__detail::_Default_ranged_hash, std::__detail::_Hashtable_traits<true, false, true> >::~_Hashtable_base()’
 1534 |     }
      |     ^
In file included from /usr/include/c++/11/bits/hashtable.h:35,
                 from /usr/include/c++/11/unordered_map:46,
                 from /usr/include/c++/11/functional:61,
                 from /usr/include/c++/11/pstl/glue_algorithm_defs.h:13,
                 from /usr/include/c++/11/algorithm:74,
                 from main.cpp:16:
/usr/include/c++/11/bits/hashtable_policy.h: In instantiation of ‘std::__detail::_Hash_code_base<_Key, _Value, _ExtractKey, _Hash, _RangeHash, _Unused, __cache_hash_code>::__hash_code std::__detail::_Hash_code_base<_Key, _Value, _ExtractKey, _Hash, _RangeHash, _Unused, __cache_hash_code>::_M_hash_code(const _Key&) const [with _Key = Vertex; _Value = std::pair<const Vertex, unsigned int>; _ExtractKey = std::__detail::_Select1st; _Hash = std::hash<Vertex>; _RangeHash = std::__detail::_Mod_range_hashing; _Unused = std::__detail::_Default_ranged_hash; bool __cache_hash_code = true; std::__detail::_Hash_code_base<_Key, _Value, _ExtractKey, _Hash, _RangeHash, _Unused, __cache_hash_code>::__hash_code = long unsigned int]’:
/usr/include/c++/11/bits/hashtable_policy.h:702:45:   required from ‘std::__detail::_Map_base<_Key, _Pair, _Alloc, std::__detail::_Select1st, _Equal, _Hash, _RangeHash, _Unused, _RehashPolicy, _Traits, true>::mapped_type& std::__detail::_Map_base<_Key, _Pair, _Alloc, std::__detail::_Select1st, _Equal, _Hash, _RangeHash, _Unused, _RehashPolicy, _Traits, true>::operator[](const key_type&) [with _Key = Vertex; _Pair = std::pair<const Vertex, unsigned int>; _Alloc = std::allocator<std::pair<const Vertex, unsigned int> >; _Equal = std::equal_to<Vertex>; _Hash = std::hash<Vertex>; _RangeHash = std::__detail::_Mod_range_hashing; _Unused = std::__detail::_Default_ranged_hash; _RehashPolicy = std::__detail::_Prime_rehash_policy; _Traits = std::__detail::_Hashtable_traits<true, false, true>; std::__detail::_Map_base<_Key, _Pair, _Alloc, std::__detail::_Select1st, _Equal, _Hash, _RangeHash, _Unused, _RehashPolicy, _Traits, true>::mapped_type = unsigned int; std::__detail::_Map_base<_Key, _Pair, _Alloc, std::__detail::_Select1st, _Equal, _Hash, _RangeHash, _Unused, _RehashPolicy, _Traits, true>::key_type = Vertex]’
/usr/include/c++/11/bits/unordered_map.h:980:20:   required from ‘std::unordered_map<_Key, _Tp, _Hash, _Pred, _Alloc>::mapped_type& std::unordered_map<_Key, _Tp, _Hash, _Pred, _Alloc>::operator[](const key_type&) [with _Key = Vertex; _Tp = unsigned int; _Hash = std::hash<Vertex>; _Pred = std::equal_to<Vertex>; _Alloc = std::allocator<std::pair<const Vertex, unsigned int> >; std::unordered_map<_Key, _Tp, _Hash, _Pred, _Alloc>::mapped_type = unsigned int; std::unordered_map<_Key, _Tp, _Hash, _Pred, _Alloc>::key_type = Vertex]’
main.cpp:1977:27:   required from here
/usr/include/c++/11/bits/hashtable_policy.h:1217:23: error: static assertion failed: hash function must be invocable with an argument of key type
 1217 |         static_assert(__is_invocable<const _Hash&, const _Key&>{},
      |                       ^~~~~~~~~~~~~~~~~~~~~~~~~~~~~~~~~~~~~~~~~~~
/usr/include/c++/11/bits/hashtable_policy.h:1217:23: note: ‘std::__is_invocable<const std::hash<Vertex>&, const Vertex&>{}’ evaluates to false
/usr/include/c++/11/bits/hashtable_policy.h:1219:25: error: no match for call to ‘(const std::hash<Vertex>) (const Vertex&)’
 1219 |         return _M_hash()(__k);
      |                ~~~~~~~~~^~~~~
In file included from /usr/include/c++/11/string:48,
                 from /usr/include/c++/11/bits/locale_classes.h:40,
                 from /usr/include/c++/11/bits/ios_base.h:41,
                 from /usr/include/c++/11/ios:42,
                 from /usr/include/c++/11/ostream:38,
                 from /usr/include/c++/11/iostream:39,
                 from main.cpp:12:
/usr/include/c++/11/bits/stl_function.h: In instantiation of ‘constexpr bool std::equal_to<_Tp>::operator()(const _Tp&, const _Tp&) const [with _Tp = Vertex]’:
/usr/include/c++/11/bits/hashtable_policy.h:1639:14:   required from ‘bool std::__detail::_Hashtable_base<_Key, _Value, _ExtractKey, _Equal, _Hash, _RangeHash, _Unused, _Traits>::_M_node_equals(const std::__detail::_Hash_node_value<_Value, typename _Traits::__hash_cached::value>&, const std::__detail::_Hash_node_value<_Value, typename _Traits::__hash_cached::value>&) const [with _Key = Vertex; _Value = std::pair<const Vertex, unsigned int>; _ExtractKey = std::__detail::_Select1st; _Equal = std::equal_to<Vertex>; _Hash = std::hash<Vertex>; _RangeHash = std::__detail::_Mod_range_hashing; _Unused = std::__detail::_Default_ranged_hash; _Traits = std::__detail::_Hashtable_traits<true, false, true>; typename _Traits::__hash_cached = std::__detail::_Hashtable_traits<true, false, true>::__hash_cached]’
/usr/include/c++/11/bits/hashtable.h:1669:40:   required from ‘std::_Hashtable<_Key, _Value, _Alloc, _ExtractKey, _Equal, _Hash, _RangeHash, _Unused, _RehashPolicy, _Traits>::size_type std::_Hashtable<_Key, _Value, _Alloc, _ExtractKey, _Equal, _Hash, _RangeHash, _Unused, _RehashPolicy, _Traits>::count(const key_type&) const [with _Key = Vertex; _Value = std::pair<const Vertex, unsigned int>; _Alloc = std::allocator<std::pair<const Vertex, unsigned int> >; _ExtractKey = std::__detail::_Select1st; _Equal = std::equal_to<Vertex>; _Hash = std::hash<Vertex>; _RangeHash = std::__detail::_Mod_range_hashing; _Unused = std::__detail::_Default_ranged_hash; _RehashPolicy = std::__detail::_Prime_rehash_policy; _Traits = std::__detail::_Hashtable_traits<true, false, true>; std::_Hashtable<_Key, _Value, _Alloc, _ExtractKey, _Equal, _Hash, _RangeHash, _Unused, _RehashPolicy, _Traits>::size_type = long unsigned int; std::_Hashtable<_Key, _Value, _Alloc, _ExtractKey, _Equal, _Hash, _RangeHash, _Unused, _RehashPolicy, _Traits>::key_type = Vertex]’
/usr/include/c++/11/bits/unordered_map.h:902:26:   required from ‘std::unordered_map<_Key, _Tp, _Hash, _Pred, _Alloc>::size_type std::unordered_map<_Key, _Tp, _Hash, _Pred, _Alloc>::count(const key_type&) const [with _Key = Vertex; _Tp = unsigned int; _Hash = std::hash<Vertex>; _Pred = std::equal_to<Vertex>; _Alloc = std::allocator<std::pair<const Vertex, unsigned int> >; std::unordered_map<_Key, _Tp, _Hash, _Pred, _Alloc>::size_type = long unsigned int; std::unordered_map<_Key, _Tp, _Hash, _Pred, _Alloc>::key_type = Vertex]’
main.cpp:1976:28:   required from here
/usr/include/c++/11/bits/stl_function.h:370:20: error: no match for ‘operator==’ (operand types are ‘const Vertex’ and ‘const Vertex’)
  370 |       { return __x == __y; }
      |                ~~~~^~~~~~
In file included from /usr/include/c++/11/iosfwd:40,
                 from /usr/include/c++/11/ios:38,
                 from /usr/include/c++/11/ostream:38,
                 from /usr/include/c++/11/iostream:39,
                 from main.cpp:12:
/usr/include/c++/11/bits/postypes.h:222:5: note: candidate: ‘template<class _StateT> bool std::operator==(const std::fpos<_StateT>&, const std::fpos<_StateT>&)’
  222 |     operator==(const fpos<_StateT>& __lhs, const fpos<_StateT>& __rhs)
      |     ^~~~~~~~
/usr/include/c++/11/bits/postypes.h:222:5: note:   template argument deduction/substitution failed:
In file included from /usr/include/c++/11/string:48,
                 from /usr/include/c++/11/bits/locale_classes.h:40,
                 from /usr/include/c++/11/bits/ios_base.h:41,
                 from /usr/include/c++/11/ios:42,
                 from /usr/include/c++/11/ostream:38,
                 from /usr/include/c++/11/iostream:39,
                 from main.cpp:12:
/usr/include/c++/11/bits/stl_function.h:370:20: note:   ‘const Vertex’ is not derived from ‘const std::fpos<_StateT>’
  370 |       { return __x == __y; }
      |                ~~~~^~~~~~
In file included from /usr/include/c++/11/bits/stl_algobase.h:64,
                 from /usr/include/c++/11/bits/char_traits.h:39,
                 from /usr/include/c++/11/ios:40,
                 from /usr/include/c++/11/ostream:38,
                 from /usr/include/c++/11/iostream:39,
                 from main.cpp:12:
/usr/include/c++/11/bits/stl_pair.h:466:5: note: candidate: ‘template<class _T1, class _T2> constexpr bool std::operator==(const std::pair<_T1, _T2>&, const std::pair<_T1, _T2>&)’
  466 |     operator==(const pair<_T1, _T2>& __x, const pair<_T1, _T2>& __y)
      |     ^~~~~~~~
/usr/include/c++/11/bits/stl_pair.h:466:5: note:   template argument deduction/substitution failed:
In file included from /usr/include/c++/11/string:48,
                 from /usr/include/c++/11/bits/locale_classes.h:40,
                 from /usr/include/c++/11/bits/ios_base.h:41,
                 from /usr/include/c++/11/ios:42,
                 from /usr/include/c++/11/ostream:38,
                 from /usr/include/c++/11/iostream:39,
                 from main.cpp:12:
/usr/include/c++/11/bits/stl_function.h:370:20: note:   ‘const Vertex’ is not derived from ‘const std::pair<_T1, _T2>’
  370 |       { return __x == __y; }
      |                ~~~~^~~~~~
In file included from /usr/include/c++/11/bits/stl_algobase.h:67,
                 from /usr/include/c++/11/bits/char_traits.h:39,
                 from /usr/include/c++/11/ios:40,
                 from /usr/include/c++/11/ostream:38,
                 from /usr/include/c++/11/iostream:39,
                 from main.cpp:12:
/usr/include/c++/11/bits/stl_iterator.h:420:5: note: candidate: ‘template<class _Iterator> constexpr bool std::operator==(const std::reverse_iterator<_Iterator>&, const std::reverse_iterator<_Iterator>&)’
  420 |     operator==(const reverse_iterator<_Iterator>& __x,
      |     ^~~~~~~~
/usr/include/c++/11/bits/stl_iterator.h:420:5: note:   template argument deduction/substitution failed:
In file included from /usr/include/c++/11/string:48,
                 from /usr/include/c++/11/bits/locale_classes.h:40,
                 from /usr/include/c++/11/bits/ios_base.h:41,
                 from /usr/include/c++/11/ios:42,
                 from /usr/include/c++/11/ostream:38,
                 from /usr/include/c++/11/iostream:39,
                 from main.cpp:12:
/usr/include/c++/11/bits/stl_function.h:370:20: note:   ‘const Vertex’ is not derived from ‘const std::reverse_iterator<_Iterator>’
  370 |       { return __x == __y; }
      |                ~~~~^~~~~~
In file included from /usr/include/c++/11/bits/stl_algobase.h:67,
                 from /usr/include/c++/11/bits/char_traits.h:39,
                 from /usr/include/c++/11/ios:40,
                 from /usr/include/c++/11/ostream:38,
                 from /usr/include/c++/11/iostream:39,
                 from main.cpp:12:
/usr/include/c++/11/bits/stl_iterator.h:459:5: note: candidate: ‘template<class _IteratorL, class _IteratorR> constexpr bool std::operator==(const std::reverse_iterator<_Iterator>&, const std::reverse_iterator<_IteratorR>&)’
  459 |     operator==(const reverse_iterator<_IteratorL>& __x,
      |     ^~~~~~~~
/usr/include/c++/11/bits/stl_iterator.h:459:5: note:   template argument deduction/substitution failed:
In file included from /usr/include/c++/11/string:48,
                 from /usr/include/c++/11/bits/locale_classes.h:40,
                 from /usr/include/c++/11/bits/ios_base.h:41,
                 from /usr/include/c++/11/ios:42,
                 from /usr/include/c++/11/ostream:38,
                 from /usr/include/c++/11/iostream:39,
                 from main.cpp:12:
/usr/include/c++/11/bits/stl_function.h:370:20: note:   ‘const Vertex’ is not derived from ‘const std::reverse_iterator<_Iterator>’
  370 |       { return __x == __y; }
      |                ~~~~^~~~~~
In file included from /usr/include/c++/11/bits/stl_algobase.h:67,
                 from /usr/include/c++/11/bits/char_traits.h:39,
                 from /usr/include/c++/11/ios:40,
                 from /usr/include/c++/11/ostream:38,
                 from /usr/include/c++/11/iostream:39,
                 from main.cpp:12:
/usr/include/c++/11/bits/stl_iterator.h:1585:5: note: candidate: ‘template<class _IteratorL, class _IteratorR> constexpr bool std::operator==(const std::move_iterator<_IteratorL>&, const std::move_iterator<_IteratorR>&)’
 1585 |     operator==(const move_iterator<_IteratorL>& __x,
      |     ^~~~~~~~
/usr/include/c++/11/bits/stl_iterator.h:1585:5: note:   template argument deduction/substitution failed:
In file included from /usr/include/c++/11/string:48,
                 from /usr/include/c++/11/bits/locale_classes.h:40,
                 from /usr/include/c++/11/bits/ios_base.h:41,
                 from /usr/include/c++/11/ios:42,
                 from /usr/include/c++/11/ostream:38,
                 from /usr/include/c++/11/iostream:39,
                 from main.cpp:12:
/usr/include/c++/11/bits/stl_function.h:370:20: note:   ‘const Vertex’ is not derived from ‘const std::move_iterator<_IteratorL>’
  370 |       { return __x == __y; }
      |                ~~~~^~~~~~
In file included from /usr/include/c++/11/bits/stl_algobase.h:67,
                 from /usr/include/c++/11/bits/char_traits.h:39,
                 from /usr/include/c++/11/ios:40,
                 from /usr/include/c++/11/ostream:38,
                 from /usr/include/c++/11/iostream:39,
                 from main.cpp:12:
/usr/include/c++/11/bits/stl_iterator.h:1648:5: note: candidate: ‘template<class _Iterator> constexpr bool std::operator==(const std::move_iterator<_IteratorL>&, const std::move_iterator<_IteratorL>&)’
 1648 |     operator==(const move_iterator<_Iterator>& __x,
      |     ^~~~~~~~
/usr/include/c++/11/bits/stl_iterator.h:1648:5: note:   template argument deduction/substitution failed:
In file included from /usr/include/c++/11/string:48,
                 from /usr/include/c++/11/bits/locale_classes.h:40,
                 from /usr/include/c++/11/bits/ios_base.h:41,
                 from /usr/include/c++/11/ios:42,
                 from /usr/include/c++/11/ostream:38,
                 from /usr/include/c++/11/iostream:39,
                 from main.cpp:12:
/usr/include/c++/11/bits/stl_function.h:370:20: note:   ‘const Vertex’ is not derived from ‘const std::move_iterator<_IteratorL>’
  370 |       { return __x == __y; }
      |                ~~~~^~~~~~
In file included from /usr/include/c++/11/string:41,
                 from /usr/include/c++/11/bits/locale_classes.h:40,
                 from /usr/include/c++/11/bits/ios_base.h:41,
                 from /usr/include/c++/11/ios:42,
                 from /usr/include/c++/11/ostream:38,
                 from /usr/include/c++/11/iostream:39,
                 from main.cpp:12:
/usr/include/c++/11/bits/allocator.h:218:5: note: candidate: ‘template<class _T1, class _T2> bool std::operator==(const std::allocator<_CharT>&, const std::allocator<_T2>&)’
  218 |     operator==(const allocator<_T1>&, const allocator<_T2>&)
      |     ^~~~~~~~
/usr/include/c++/11/bits/allocator.h:218:5: note:   template argument deduction/substitution failed:
In file included from /usr/include/c++/11/string:48,
                 from /usr/include/c++/11/bits/locale_classes.h:40,
                 from /usr/include/c++/11/bits/ios_base.h:41,
                 from /usr/include/c++/11/ios:42,
                 from /usr/include/c++/11/ostream:38,
                 from /usr/include/c++/11/iostream:39,
                 from main.cpp:12:
/usr/include/c++/11/bits/stl_function.h:370:20: note:   ‘const Vertex’ is not derived from ‘const std::allocator<_CharT>’
  370 |       { return __x == __y; }
      |                ~~~~^~~~~~
In file included from /usr/include/c++/11/bits/basic_string.h:48,
                 from /usr/include/c++/11/string:55,
                 from /usr/include/c++/11/bits/locale_classes.h:40,
                 from /usr/include/c++/11/bits/ios_base.h:41,
                 from /usr/include/c++/11/ios:42,
                 from /usr/include/c++/11/ostream:38,
                 from /usr/include/c++/11/iostream:39,
                 from main.cpp:12:
/usr/include/c++/11/string_view:535:5: note: candidate: ‘template<class _CharT, class _Traits> constexpr bool std::operator==(std::basic_string_view<_CharT, _Traits>, std::basic_string_view<_CharT, _Traits>)’
  535 |     operator==(basic_string_view<_CharT, _Traits> __x,
      |     ^~~~~~~~
/usr/include/c++/11/string_view:535:5: note:   template argument deduction/substitution failed:
In file included from /usr/include/c++/11/string:48,
                 from /usr/include/c++/11/bits/locale_classes.h:40,
                 from /usr/include/c++/11/bits/ios_base.h:41,
                 from /usr/include/c++/11/ios:42,
                 from /usr/include/c++/11/ostream:38,
                 from /usr/include/c++/11/iostream:39,
                 from main.cpp:12:
/usr/include/c++/11/bits/stl_function.h:370:20: note:   ‘Vertex’ is not derived from ‘std::basic_string_view<_CharT, _Traits>’
  370 |       { return __x == __y; }
      |                ~~~~^~~~~~
In file included from /usr/include/c++/11/bits/basic_string.h:48,
                 from /usr/include/c++/11/string:55,
                 from /usr/include/c++/11/bits/locale_classes.h:40,
                 from /usr/include/c++/11/bits/ios_base.h:41,
                 from /usr/include/c++/11/ios:42,
                 from /usr/include/c++/11/ostream:38,
                 from /usr/include/c++/11/iostream:39,
                 from main.cpp:12:
/usr/include/c++/11/string_view:541:5: note: candidate: ‘template<class _CharT, class _Traits> constexpr bool std::operator==(std::basic_string_view<_CharT, _Traits>, std::__type_identity_t<std::basic_string_view<_CharT, _Traits> >)’
  541 |     operator==(basic_string_view<_CharT, _Traits> __x,
      |     ^~~~~~~~
/usr/include/c++/11/string_view:541:5: note:   template argument deduction/substitution failed:
In file included from /usr/include/c++/11/string:48,
                 from /usr/include/c++/11/bits/locale_classes.h:40,
                 from /usr/include/c++/11/bits/ios_base.h:41,
                 from /usr/include/c++/11/ios:42,
                 from /usr/include/c++/11/ostream:38,
                 from /usr/include/c++/11/iostream:39,
                 from main.cpp:12:
/usr/include/c++/11/bits/stl_function.h:370:20: note:   ‘Vertex’ is not derived from ‘std::basic_string_view<_CharT, _Traits>’
  370 |       { return __x == __y; }
      |                ~~~~^~~~~~
In file included from /usr/include/c++/11/bits/basic_string.h:48,
                 from /usr/include/c++/11/string:55,
                 from /usr/include/c++/11/bits/locale_classes.h:40,
                 from /usr/include/c++/11/bits/ios_base.h:41,
                 from /usr/include/c++/11/ios:42,
                 from /usr/include/c++/11/ostream:38,
                 from /usr/include/c++/11/iostream:39,
                 from main.cpp:12:
/usr/include/c++/11/string_view:564:5: note: candidate: ‘template<class _CharT, class _Traits> constexpr bool std::operator==(std::__type_identity_t<std::basic_string_view<_CharT, _Traits> >, std::basic_string_view<_CharT, _Traits>)’
  564 |     operator==(__type_identity_t<basic_string_view<_CharT, _Traits>> __x,
      |     ^~~~~~~~
/usr/include/c++/11/string_view:564:5: note:   template argument deduction/substitution failed:
In file included from /usr/include/c++/11/string:48,
                 from /usr/include/c++/11/bits/locale_classes.h:40,
                 from /usr/include/c++/11/bits/ios_base.h:41,
                 from /usr/include/c++/11/ios:42,
                 from /usr/include/c++/11/ostream:38,
                 from /usr/include/c++/11/iostream:39,
                 from main.cpp:12:
/usr/include/c++/11/bits/stl_function.h:370:20: note:   ‘Vertex’ is not derived from ‘std::basic_string_view<_CharT, _Traits>’
  370 |       { return __x == __y; }
      |                ~~~~^~~~~~
In file included from /usr/include/c++/11/string:55,
                 from /usr/include/c++/11/bits/locale_classes.h:40,
                 from /usr/include/c++/11/bits/ios_base.h:41,
                 from /usr/include/c++/11/ios:42,
                 from /usr/include/c++/11/ostream:38,
                 from /usr/include/c++/11/iostream:39,
                 from main.cpp:12:
/usr/include/c++/11/bits/basic_string.h:6226:5: note: candidate: ‘template<class _CharT, class _Traits, class _Alloc> bool std::operator==(const std::__cxx11::basic_string<_CharT, _Traits, _Allocator>&, const std::__cxx11::basic_string<_CharT, _Traits, _Allocator>&)’
 6226 |     operator==(const basic_string<_CharT, _Traits, _Alloc>& __lhs,
      |     ^~~~~~~~
/usr/include/c++/11/bits/basic_string.h:6226:5: note:   template argument deduction/substitution failed:
In file included from /usr/include/c++/11/string:48,
                 from /usr/include/c++/11/bits/locale_classes.h:40,
                 from /usr/include/c++/11/bits/ios_base.h:41,
                 from /usr/include/c++/11/ios:42,
                 from /usr/include/c++/11/ostream:38,
                 from /usr/include/c++/11/iostream:39,
                 from main.cpp:12:
/usr/include/c++/11/bits/stl_function.h:370:20: note:   ‘const Vertex’ is not derived from ‘const std::__cxx11::basic_string<_CharT, _Traits, _Allocator>’
  370 |       { return __x == __y; }
      |                ~~~~^~~~~~
In file included from /usr/include/c++/11/string:55,
                 from /usr/include/c++/11/bits/locale_classes.h:40,
                 from /usr/include/c++/11/bits/ios_base.h:41,
                 from /usr/include/c++/11/ios:42,
                 from /usr/include/c++/11/ostream:38,
                 from /usr/include/c++/11/iostream:39,
                 from main.cpp:12:
/usr/include/c++/11/bits/basic_string.h:6234:5: note: candidate: ‘template<class _CharT> typename __gnu_cxx::__enable_if<std::__is_char<_Tp>::__value, bool>::__type std::operator==(const std::__cxx11::basic_string<_CharT>&, const std::__cxx11::basic_string<_CharT>&)’
 6234 |     operator==(const basic_string<_CharT>& __lhs,
      |     ^~~~~~~~
/usr/include/c++/11/bits/basic_string.h:6234:5: note:   template argument deduction/substitution failed:
In file included from /usr/include/c++/11/string:48,
                 from /usr/include/c++/11/bits/locale_classes.h:40,
                 from /usr/include/c++/11/bits/ios_base.h:41,
                 from /usr/include/c++/11/ios:42,
                 from /usr/include/c++/11/ostream:38,
                 from /usr/include/c++/11/iostream:39,
                 from main.cpp:12:
/usr/include/c++/11/bits/stl_function.h:370:20: note:   ‘const Vertex’ is not derived from ‘const std::__cxx11::basic_string<_CharT>’
  370 |       { return __x == __y; }
      |                ~~~~^~~~~~
In file included from /usr/include/c++/11/string:55,
                 from /usr/include/c++/11/bits/locale_classes.h:40,
                 from /usr/include/c++/11/bits/ios_base.h:41,
                 from /usr/include/c++/11/ios:42,
                 from /usr/include/c++/11/ostream:38,
                 from /usr/include/c++/11/iostream:39,
                 from main.cpp:12:
/usr/include/c++/11/bits/basic_string.h:6248:5: note: candidate: ‘template<class _CharT, class _Traits, class _Alloc> bool std::operator==(const std::__cxx11::basic_string<_CharT, _Traits, _Allocator>&, const _CharT*)’
 6248 |     operator==(const basic_string<_CharT, _Traits, _Alloc>& __lhs,
      |     ^~~~~~~~
/usr/include/c++/11/bits/basic_string.h:6248:5: note:   template argument deduction/substitution failed:
In file included from /usr/include/c++/11/string:48,
                 from /usr/include/c++/11/bits/locale_classes.h:40,
                 from /usr/include/c++/11/bits/ios_base.h:41,
                 from /usr/include/c++/11/ios:42,
                 from /usr/include/c++/11/ostream:38,
                 from /usr/include/c++/11/iostream:39,
                 from main.cpp:12:
/usr/include/c++/11/bits/stl_function.h:370:20: note:   ‘const Vertex’ is not derived from ‘const std::__cxx11::basic_string<_CharT, _Traits, _Allocator>’
  370 |       { return __x == __y; }
      |                ~~~~^~~~~~
In file included from /usr/include/c++/11/string:55,
                 from /usr/include/c++/11/bits/locale_classes.h:40,
                 from /usr/include/c++/11/bits/ios_base.h:41,
                 from /usr/include/c++/11/ios:42,
                 from /usr/include/c++/11/ostream:38,
                 from /usr/include/c++/11/iostream:39,
                 from main.cpp:12:
/usr/include/c++/11/bits/basic_string.h:6289:5: note: candidate: ‘template<class _CharT, class _Traits, class _Alloc> bool std::operator==(const _CharT*, const std::__cxx11::basic_string<_CharT, _Traits, _Allocator>&)’
 6289 |     operator==(const _CharT* __lhs,
      |     ^~~~~~~~
/usr/include/c++/11/bits/basic_string.h:6289:5: note:   template argument deduction/substitution failed:
In file included from /usr/include/c++/11/string:48,
                 from /usr/include/c++/11/bits/locale_classes.h:40,
                 from /usr/include/c++/11/bits/ios_base.h:41,
                 from /usr/include/c++/11/ios:42,
                 from /usr/include/c++/11/ostream:38,
                 from /usr/include/c++/11/iostream:39,
                 from main.cpp:12:
/usr/include/c++/11/bits/stl_function.h:370:20: note:   mismatched types ‘const _CharT*’ and ‘Vertex’
  370 |       { return __x == __y; }
      |                ~~~~^~~~~~
In file included from /usr/include/c++/11/bits/locale_facets.h:48,
                 from /usr/include/c++/11/bits/basic_ios.h:37,
                 from /usr/include/c++/11/ios:44,
                 from /usr/include/c++/11/ostream:38,
                 from /usr/include/c++/11/iostream:39,
                 from main.cpp:12:
/usr/include/c++/11/bits/streambuf_iterator.h:226:5: note: candidate: ‘template<class _CharT, class _Traits> bool std::operator==(const std::istreambuf_iterator<_CharT, _Traits>&, const std::istreambuf_iterator<_CharT, _Traits>&)’
  226 |     operator==(const istreambuf_iterator<_CharT, _Traits>& __a,
      |     ^~~~~~~~
/usr/include/c++/11/bits/streambuf_iterator.h:226:5: note:   template argument deduction/substitution failed:
In file included from /usr/include/c++/11/string:48,
                 from /usr/include/c++/11/bits/locale_classes.h:40,
                 from /usr/include/c++/11/bits/ios_base.h:41,
                 from /usr/include/c++/11/ios:42,
                 from /usr/include/c++/11/ostream:38,
                 from /usr/include/c++/11/iostream:39,
                 from main.cpp:12:
/usr/include/c++/11/bits/stl_function.h:370:20: note:   ‘const Vertex’ is not derived from ‘const std::istreambuf_iterator<_CharT, _Traits>’
  370 |       { return __x == __y; }
      |                ~~~~^~~~~~
In file included from /usr/include/c++/11/vector:67,
                 from main.cpp:15:
/usr/include/c++/11/bits/stl_vector.h:1892:5: note: candidate: ‘template<class _Tp, class _Alloc> bool std::operator==(const std::vector<_Tp, _Alloc>&, const std::vector<_Tp, _Alloc>&)’
 1892 |     operator==(const vector<_Tp, _Alloc>& __x, const vector<_Tp, _Alloc>& __y)
      |     ^~~~~~~~
/usr/include/c++/11/bits/stl_vector.h:1892:5: note:   template argument deduction/substitution failed:
In file included from /usr/include/c++/11/string:48,
                 from /usr/include/c++/11/bits/locale_classes.h:40,
                 from /usr/include/c++/11/bits/ios_base.h:41,
                 from /usr/include/c++/11/ios:42,
                 from /usr/include/c++/11/ostream:38,
                 from /usr/include/c++/11/iostream:39,
                 from main.cpp:12:
/usr/include/c++/11/bits/stl_function.h:370:20: note:   ‘const Vertex’ is not derived from ‘const std::vector<_Tp, _Alloc>’
  370 |       { return __x == __y; }
      |                ~~~~^~~~~~
In file included from /usr/include/c++/11/tuple:39,
                 from /usr/include/c++/11/functional:54,
                 from /usr/include/c++/11/pstl/glue_algorithm_defs.h:13,
                 from /usr/include/c++/11/algorithm:74,
                 from main.cpp:16:
/usr/include/c++/11/array:276:5: note: candidate: ‘template<class _Tp, long unsigned int _Nm> bool std::operator==(const std::array<_Tp, _Nm>&, const std::array<_Tp, _Nm>&)’
  276 |     operator==(const array<_Tp, _Nm>& __one, const array<_Tp, _Nm>& __two)
      |     ^~~~~~~~
/usr/include/c++/11/array:276:5: note:   template argument deduction/substitution failed:
In file included from /usr/include/c++/11/string:48,
                 from /usr/include/c++/11/bits/locale_classes.h:40,
                 from /usr/include/c++/11/bits/ios_base.h:41,
                 from /usr/include/c++/11/ios:42,
                 from /usr/include/c++/11/ostream:38,
                 from /usr/include/c++/11/iostream:39,
                 from main.cpp:12:
/usr/include/c++/11/bits/stl_function.h:370:20: note:   ‘const Vertex’ is not derived from ‘const std::array<_Tp, _Nm>’
  370 |       { return __x == __y; }
      |                ~~~~^~~~~~
In file included from /usr/include/c++/11/functional:54,
                 from /usr/include/c++/11/pstl/glue_algorithm_defs.h:13,
                 from /usr/include/c++/11/algorithm:74,
                 from main.cpp:16:
/usr/include/c++/11/tuple:1524:5: note: candidate: ‘template<class ... _TElements, class ... _UElements> constexpr bool std::operator==(const std::tuple<_Tps ...>&, const std::tuple<_UTypes ...>&)’
 1524 |     operator==(const tuple<_TElements...>& __t,
      |     ^~~~~~~~
/usr/include/c++/11/tuple:1524:5: note:   template argument deduction/substitution failed:
In file included from /usr/include/c++/11/string:48,
                 from /usr/include/c++/11/bits/locale_classes.h:40,
                 from /usr/include/c++/11/bits/ios_base.h:41,
                 from /usr/include/c++/11/ios:42,
                 from /usr/include/c++/11/ostream:38,
                 from /usr/include/c++/11/iostream:39,
                 from main.cpp:12:
/usr/include/c++/11/bits/stl_function.h:370:20: note:   ‘const Vertex’ is not derived from ‘const std::tuple<_Tps ...>’
  370 |       { return __x == __y; }
      |                ~~~~^~~~~~
In file included from /usr/include/c++/11/functional:59,
                 from /usr/include/c++/11/pstl/glue_algorithm_defs.h:13,
                 from /usr/include/c++/11/algorithm:74,
                 from main.cpp:16:
/usr/include/c++/11/bits/std_function.h:718:5: note: candidate: ‘template<class _Res, class ... _Args> bool std::operator==(const std::function<_Res(_ArgTypes ...)>&, std::nullptr_t)’
  718 |     operator==(const function<_Res(_Args...)>& __f, nullptr_t) noexcept
      |     ^~~~~~~~
/usr/include/c++/11/bits/std_function.h:718:5: note:   template argument deduction/substitution failed:
In file included from /usr/include/c++/11/string:48,
                 from /usr/include/c++/11/bits/locale_classes.h:40,
                 from /usr/include/c++/11/bits/ios_base.h:41,
                 from /usr/include/c++/11/ios:42,
                 from /usr/include/c++/11/ostream:38,
                 from /usr/include/c++/11/iostream:39,
                 from main.cpp:12:
/usr/include/c++/11/bits/stl_function.h:370:20: note:   ‘const Vertex’ is not derived from ‘const std::function<_Res(_ArgTypes ...)>’
  370 |       { return __x == __y; }
      |                ~~~~^~~~~~
In file included from /usr/include/c++/11/functional:59,
                 from /usr/include/c++/11/pstl/glue_algorithm_defs.h:13,
                 from /usr/include/c++/11/algorithm:74,
                 from main.cpp:16:
/usr/include/c++/11/bits/std_function.h:725:5: note: candidate: ‘template<class _Res, class ... _Args> bool std::operator==(std::nullptr_t, const std::function<_Res(_ArgTypes ...)>&)’
  725 |     operator==(nullptr_t, const function<_Res(_Args...)>& __f) noexcept
      |     ^~~~~~~~
/usr/include/c++/11/bits/std_function.h:725:5: note:   template argument deduction/substitution failed:
In file included from /usr/include/c++/11/string:48,
                 from /usr/include/c++/11/bits/locale_classes.h:40,
                 from /usr/include/c++/11/bits/ios_base.h:41,
                 from /usr/include/c++/11/ios:42,
                 from /usr/include/c++/11/ostream:38,
                 from /usr/include/c++/11/iostream:39,
                 from main.cpp:12:
/usr/include/c++/11/bits/stl_function.h:370:20: note:   ‘const Vertex’ is not derived from ‘const std::function<_Res(_ArgTypes ...)>’
  370 |       { return __x == __y; }
      |                ~~~~^~~~~~
In file included from /usr/include/c++/11/unordered_map:47,
                 from /usr/include/c++/11/functional:61,
                 from /usr/include/c++/11/pstl/glue_algorithm_defs.h:13,
                 from /usr/include/c++/11/algorithm:74,
                 from main.cpp:16:
/usr/include/c++/11/bits/unordered_map.h:2134:5: note: candidate: ‘template<class _Key1, class _Tp1, class _Hash1, class _Pred1, class _Alloc1> bool std::operator==(const std::unordered_map<_Key1, _Tp1, _Hash1, _Pred1, _Alloc1>&, const std::unordered_map<_Key1, _Tp1, _Hash1, _Pred1, _Alloc1>&)’
 2134 |     operator==(const unordered_map<_Key, _Tp, _Hash, _Pred, _Alloc>& __x,
      |     ^~~~~~~~
/usr/include/c++/11/bits/unordered_map.h:2134:5: note:   template argument deduction/substitution failed:
In file included from /usr/include/c++/11/string:48,
                 from /usr/include/c++/11/bits/locale_classes.h:40,
                 from /usr/include/c++/11/bits/ios_base.h:41,
                 from /usr/include/c++/11/ios:42,
                 from /usr/include/c++/11/ostream:38,
                 from /usr/include/c++/11/iostream:39,
                 from main.cpp:12:
/usr/include/c++/11/bits/stl_function.h:370:20: note:   ‘const Vertex’ is not derived from ‘const std::unordered_map<_Key1, _Tp1, _Hash1, _Pred1, _Alloc1>’
  370 |       { return __x == __y; }
      |                ~~~~^~~~~~
In file included from /usr/include/c++/11/unordered_map:47,
                 from /usr/include/c++/11/functional:61,
                 from /usr/include/c++/11/pstl/glue_algorithm_defs.h:13,
                 from /usr/include/c++/11/algorithm:74,
                 from main.cpp:16:
/usr/include/c++/11/bits/unordered_map.h:2148:5: note: candidate: ‘template<class _Key1, class _Tp1, class _Hash1, class _Pred1, class _Alloc1> bool std::operator==(const std::unordered_multimap<_Key1, _Tp1, _Hash1, _Pred1, _Alloc1>&, const std::unordered_multimap<_Key1, _Tp1, _Hash1, _Pred1, _Alloc1>&)’
 2148 |     operator==(const unordered_multimap<_Key, _Tp, _Hash, _Pred, _Alloc>& __x,
      |     ^~~~~~~~
/usr/include/c++/11/bits/unordered_map.h:2148:5: note:   template argument deduction/substitution failed:
In file included from /usr/include/c++/11/string:48,
                 from /usr/include/c++/11/bits/locale_classes.h:40,
                 from /usr/include/c++/11/bits/ios_base.h:41,
                 from /usr/include/c++/11/ios:42,
                 from /usr/include/c++/11/ostream:38,
                 from /usr/include/c++/11/iostream:39,
                 from main.cpp:12:
/usr/include/c++/11/bits/stl_function.h:370:20: note:   ‘const Vertex’ is not derived from ‘const std::unordered_multimap<_Key1, _Tp1, _Hash1, _Pred1, _Alloc1>’
  370 |       { return __x == __y; }
      |                ~~~~^~~~~~
In file included from main.cpp:18:
/usr/include/c++/11/optional:1045:5: note: candidate: ‘template<class _Tp, class _Up> constexpr std::__optional_eq_t<_Tp, _Up> std::operator==(const std::optional<_Tp>&, const std::optional<_Up>&)’
 1045 |     operator==(const optional<_Tp>& __lhs, const optional<_Up>& __rhs)
      |     ^~~~~~~~
/usr/include/c++/11/optional:1045:5: note:   template argument deduction/substitution failed:
In file included from /usr/include/c++/11/string:48,
                 from /usr/include/c++/11/bits/locale_classes.h:40,
                 from /usr/include/c++/11/bits/ios_base.h:41,
                 from /usr/include/c++/11/ios:42,
                 from /usr/include/c++/11/ostream:38,
                 from /usr/include/c++/11/iostream:39,
                 from main.cpp:12:
/usr/include/c++/11/bits/stl_function.h:370:20: note:   ‘const Vertex’ is not derived from ‘const std::optional<_Tp>’
  370 |       { return __x == __y; }
      |                ~~~~^~~~~~
In file included from main.cpp:18:
/usr/include/c++/11/optional:1105:5: note: candidate: ‘template<class _Tp> constexpr bool std::operator==(const std::optional<_Tp>&, std::nullopt_t)’
 1105 |     operator==(const optional<_Tp>& __lhs, nullopt_t) noexcept
      |     ^~~~~~~~
/usr/include/c++/11/optional:1105:5: note:   template argument deduction/substitution failed:
In file included from /usr/include/c++/11/string:48,
                 from /usr/include/c++/11/bits/locale_classes.h:40,
                 from /usr/include/c++/11/bits/ios_base.h:41,
                 from /usr/include/c++/11/ios:42,
                 from /usr/include/c++/11/ostream:38,
                 from /usr/include/c++/11/iostream:39,
                 from main.cpp:12:
/usr/include/c++/11/bits/stl_function.h:370:20: note:   ‘const Vertex’ is not derived from ‘const std::optional<_Tp>’
  370 |       { return __x == __y; }
      |                ~~~~^~~~~~
In file included from main.cpp:18:
/usr/include/c++/11/optional:1116:5: note: candidate: ‘template<class _Tp> constexpr bool std::operator==(std::nullopt_t, const std::optional<_Tp>&)’
 1116 |     operator==(nullopt_t, const optional<_Tp>& __rhs) noexcept
      |     ^~~~~~~~
/usr/include/c++/11/optional:1116:5: note:   template argument deduction/substitution failed:
In file included from /usr/include/c++/11/string:48,
                 from /usr/include/c++/11/bits/locale_classes.h:40,
                 from /usr/include/c++/11/bits/ios_base.h:41,
                 from /usr/include/c++/11/ios:42,
                 from /usr/include/c++/11/ostream:38,
                 from /usr/include/c++/11/iostream:39,
                 from main.cpp:12:
/usr/include/c++/11/bits/stl_function.h:370:20: note:   ‘const Vertex’ is not derived from ‘const std::optional<_Tp>’
  370 |       { return __x == __y; }
      |                ~~~~^~~~~~
In file included from main.cpp:18:
/usr/include/c++/11/optional:1173:5: note: candidate: ‘template<class _Tp, class _Up> constexpr std::__optional_eq_t<_Tp, _Up> std::operator==(const std::optional<_Tp>&, const _Up&)’
 1173 |     operator==(const optional<_Tp>& __lhs, const _Up& __rhs)
      |     ^~~~~~~~
/usr/include/c++/11/optional:1173:5: note:   template argument deduction/substitution failed:
In file included from /usr/include/c++/11/string:48,
                 from /usr/include/c++/11/bits/locale_classes.h:40,
                 from /usr/include/c++/11/bits/ios_base.h:41,
                 from /usr/include/c++/11/ios:42,
                 from /usr/include/c++/11/ostream:38,
                 from /usr/include/c++/11/iostream:39,
                 from main.cpp:12:
/usr/include/c++/11/bits/stl_function.h:370:20: note:   ‘const Vertex’ is not derived from ‘const std::optional<_Tp>’
  370 |       { return __x == __y; }
      |                ~~~~^~~~~~
In file included from main.cpp:18:
/usr/include/c++/11/optional:1179:5: note: candidate: ‘template<class _Tp, class _Up> constexpr std::__optional_eq_t<_Up, _Tp> std::operator==(const _Up&, const std::optional<_Tp>&)’
 1179 |     operator==(const _Up& __lhs, const optional<_Tp>& __rhs)
      |     ^~~~~~~~
/usr/include/c++/11/optional:1179:5: note:   template argument deduction/substitution failed:
In file included from /usr/include/c++/11/string:48,
                 from /usr/include/c++/11/bits/locale_classes.h:40,
                 from /usr/include/c++/11/bits/ios_base.h:41,
                 from /usr/include/c++/11/ios:42,
                 from /usr/include/c++/11/ostream:38,
                 from /usr/include/c++/11/iostream:39,
                 from main.cpp:12:
/usr/include/c++/11/bits/stl_function.h:370:20: note:   ‘const Vertex’ is not derived from ‘const std::optional<_Tp>’
  370 |       { return __x == __y; }
      |                ~~~~^~~~~~
In file included from /usr/include/c++/11/set:61,
                 from main.cpp:19:
/usr/include/c++/11/bits/stl_set.h:985:5: note: candidate: ‘template<class _Key, class _Compare, class _Alloc> bool std::operator==(const std::set<_Key, _Compare, _Allocator>&, const std::set<_Key, _Compare, _Allocator>&)’
  985 |     operator==(const set<_Key, _Compare, _Alloc>& __x,
      |     ^~~~~~~~
/usr/include/c++/11/bits/stl_set.h:985:5: note:   template argument deduction/substitution failed:
In file included from /usr/include/c++/11/string:48,
                 from /usr/include/c++/11/bits/locale_classes.h:40,
                 from /usr/include/c++/11/bits/ios_base.h:41,
                 from /usr/include/c++/11/ios:42,
                 from /usr/include/c++/11/ostream:38,
                 from /usr/include/c++/11/iostream:39,
                 from main.cpp:12:
/usr/include/c++/11/bits/stl_function.h:370:20: note:   ‘const Vertex’ is not derived from ‘const std::set<_Key, _Compare, _Allocator>’
  370 |       { return __x == __y; }
      |                ~~~~^~~~~~
In file included from /usr/include/c++/11/set:62,
                 from main.cpp:19:
/usr/include/c++/11/bits/stl_multiset.h:971:5: note: candidate: ‘template<class _Key, class _Compare, class _Alloc> bool std::operator==(const std::multiset<_Key, _Compare, _Allocator>&, const std::multiset<_Key, _Compare, _Allocator>&)’
  971 |     operator==(const multiset<_Key, _Compare, _Alloc>& __x,
      |     ^~~~~~~~
/usr/include/c++/11/bits/stl_multiset.h:971:5: note:   template argument deduction/substitution failed:
In file included from /usr/include/c++/11/string:48,
                 from /usr/include/c++/11/bits/locale_classes.h:40,
                 from /usr/include/c++/11/bits/ios_base.h:41,
                 from /usr/include/c++/11/ios:42,
                 from /usr/include/c++/11/ostream:38,
                 from /usr/include/c++/11/iostream:39,
                 from main.cpp:12:
/usr/include/c++/11/bits/stl_function.h:370:20: note:   ‘const Vertex’ is not derived from ‘const std::multiset<_Key, _Compare, _Allocator>’
  370 |       { return __x == __y; }
      |                ~~~~^~~~~~
In file included from /usr/include/c++/11/map:61,
                 from lib/tiny_obj_loader.h:67,
                 from main.cpp:38:
/usr/include/c++/11/bits/stl_map.h:1463:5: note: candidate: ‘template<class _Key, class _Tp, class _Compare, class _Alloc> bool std::operator==(const std::map<_Key, _Tp, _Compare, _Allocator>&, const std::map<_Key, _Tp, _Compare, _Allocator>&)’
 1463 |     operator==(const map<_Key, _Tp, _Compare, _Alloc>& __x,
      |     ^~~~~~~~
/usr/include/c++/11/bits/stl_map.h:1463:5: note:   template argument deduction/substitution failed:
In file included from /usr/include/c++/11/string:48,
                 from /usr/include/c++/11/bits/locale_classes.h:40,
                 from /usr/include/c++/11/bits/ios_base.h:41,
                 from /usr/include/c++/11/ios:42,
                 from /usr/include/c++/11/ostream:38,
                 from /usr/include/c++/11/iostream:39,
                 from main.cpp:12:
/usr/include/c++/11/bits/stl_function.h:370:20: note:   ‘const Vertex’ is not derived from ‘const std::map<_Key, _Tp, _Compare, _Allocator>’
  370 |       { return __x == __y; }
      |                ~~~~^~~~~~
In file included from /usr/include/c++/11/map:62,
                 from lib/tiny_obj_loader.h:67,
                 from main.cpp:38:
/usr/include/c++/11/bits/stl_multimap.h:1128:5: note: candidate: ‘template<class _Key, class _Tp, class _Compare, class _Alloc> bool std::operator==(const std::multimap<_Key, _Tp, _Compare, _Allocator>&, const std::multimap<_Key, _Tp, _Compare, _Allocator>&)’
 1128 |     operator==(const multimap<_Key, _Tp, _Compare, _Alloc>& __x,
      |     ^~~~~~~~
/usr/include/c++/11/bits/stl_multimap.h:1128:5: note:   template argument deduction/substitution failed:
In file included from /usr/include/c++/11/string:48,
                 from /usr/include/c++/11/bits/locale_classes.h:40,
                 from /usr/include/c++/11/bits/ios_base.h:41,
                 from /usr/include/c++/11/ios:42,
                 from /usr/include/c++/11/ostream:38,
                 from /usr/include/c++/11/iostream:39,
                 from main.cpp:12:
/usr/include/c++/11/bits/stl_function.h:370:20: note:   ‘const Vertex’ is not derived from ‘const std::multimap<_Key, _Tp, _Compare, _Allocator>’
  370 |       { return __x == __y; }
      |                ~~~~^~~~~~
In file included from /usr/include/c++/11/bits/ios_base.h:46,
                 from /usr/include/c++/11/ios:42,
                 from /usr/include/c++/11/ostream:38,
                 from /usr/include/c++/11/iostream:39,
                 from main.cpp:12:
/usr/include/c++/11/system_error:362:3: note: candidate: ‘bool std::operator==(const std::error_code&, const std::error_code&)’
  362 |   operator==(const error_code& __lhs, const error_code& __rhs) noexcept
      |   ^~~~~~~~
/usr/include/c++/11/system_error:362:32: note:   no known conversion for argument 1 from ‘const Vertex’ to ‘const std::error_code&’
  362 |   operator==(const error_code& __lhs, const error_code& __rhs) noexcept
      |              ~~~~~~~~~~~~~~~~~~^~~~~
/usr/include/c++/11/system_error:368:3: note: candidate: ‘bool std::operator==(const std::error_code&, const std::error_condition&)’
  368 |   operator==(const error_code& __lhs, const error_condition& __rhs) noexcept
      |   ^~~~~~~~
/usr/include/c++/11/system_error:368:32: note:   no known conversion for argument 1 from ‘const Vertex’ to ‘const std::error_code&’
  368 |   operator==(const error_code& __lhs, const error_condition& __rhs) noexcept
      |              ~~~~~~~~~~~~~~~~~~^~~~~
/usr/include/c++/11/system_error:376:3: note: candidate: ‘bool std::operator==(const std::error_condition&, const std::error_condition&)’
  376 |   operator==(const error_condition& __lhs,
      |   ^~~~~~~~
/usr/include/c++/11/system_error:376:37: note:   no known conversion for argument 1 from ‘const Vertex’ to ‘const std::error_condition&’
  376 |   operator==(const error_condition& __lhs,
      |              ~~~~~~~~~~~~~~~~~~~~~~~^~~~~
/usr/include/c++/11/system_error:408:3: note: candidate: ‘bool std::operator==(const std::error_condition&, const std::error_code&)’
  408 |   operator==(const error_condition& __lhs, const error_code& __rhs) noexcept
      |   ^~~~~~~~
/usr/include/c++/11/system_error:408:37: note:   no known conversion for argument 1 from ‘const Vertex’ to ‘const std::error_condition&’
  408 |   operator==(const error_condition& __lhs, const error_code& __rhs) noexcept
      |              ~~~~~~~~~~~~~~~~~~~~~~~^~~~~
make: *** [Makefile:9: VulkanTest] Error 1
